07-06-2022 07:19:44.649 [HikariPool-1 housekeeper] WARN  com.zaxxer.hikari.pool.HikariPool.run - HikariPool-1 - Thread starvation or clock leap detected (housekeeper delta=8h52m11s547ms454µs600ns).
07-06-2022 08:30:26.290 [HikariPool-1 housekeeper] WARN  com.zaxxer.hikari.pool.HikariPool.run - HikariPool-1 - Thread starvation or clock leap detected (housekeeper delta=11m10s654ms993µs800ns).
07-06-2022 08:40:19.975 [http-nio-8080-exec-1] WARN  c.e.demo.controllers.OrderController.submit - [INFO] Submit order successfully.
07-06-2022 08:40:32.779 [http-nio-8080-exec-2] WARN  c.e.demo.controllers.OrderController.submit - [WARN] User does not exist!
07-06-2022 08:46:18.289 [Thread-3] INFO  o.s.s.c.ThreadPoolTaskExecutor.shutdown - Shutting down ExecutorService 'applicationTaskExecutor'
07-06-2022 08:46:18.293 [Thread-3] INFO  o.s.o.j.LocalContainerEntityManagerFactoryBean.destroy - Closing JPA EntityManagerFactory for persistence unit 'default'
07-06-2022 08:46:18.298 [Thread-3] INFO  com.zaxxer.hikari.HikariDataSource.close - HikariPool-1 - Shutdown initiated...
07-06-2022 08:46:18.300 [Thread-3] INFO  com.zaxxer.hikari.HikariDataSource.close - HikariPool-1 - Shutdown completed.
07-06-2022 08:46:22.538 [main] INFO  com.example.demo.SareetaApplication.logStarting - Starting SareetaApplication on K_PC with PID 25792 (C:\Users\hihig\Downloads\JavaWebProject\SareetaApplication\starter_code\target\classes started by hihig in C:\Users\hihig\Downloads\JavaWebProject\SareetaApplication\starter_code)
07-06-2022 08:46:22.540 [main] INFO  com.example.demo.SareetaApplication.logStartupProfileInfo - No active profile set, falling back to default profiles: default
07-06-2022 08:46:22.838 [main] INFO  o.s.d.r.c.RepositoryConfigurationDelegate.registerRepositoriesIn - Bootstrapping Spring Data repositories in DEFAULT mode.
07-06-2022 08:46:22.877 [main] INFO  o.s.d.r.c.RepositoryConfigurationDelegate.registerRepositoriesIn - Finished Spring Data repository scanning in 35ms. Found 4 repository interfaces.
07-06-2022 08:46:23.172 [main] INFO  o.s.c.s.PostProcessorRegistrationDelegate$BeanPostProcessorChecker.postProcessAfterInitialization - Bean 'org.springframework.transaction.annotation.ProxyTransactionManagementConfiguration' of type [org.springframework.transaction.annotation.ProxyTransactionManagementConfiguration$$EnhancerBySpringCGLIB$$eb47c933] is not eligible for getting processed by all BeanPostProcessors (for example: not eligible for auto-proxying)
07-06-2022 08:46:23.330 [main] INFO  o.s.b.w.e.tomcat.TomcatWebServer.initialize - Tomcat initialized with port(s): 8080 (http)
07-06-2022 08:46:23.343 [main] INFO  o.a.catalina.core.StandardService.log - Starting service [Tomcat]
07-06-2022 08:46:23.344 [main] INFO  o.a.catalina.core.StandardEngine.log - Starting Servlet engine: [Apache Tomcat/9.0.19]
07-06-2022 08:46:23.540 [main] INFO  o.a.c.c.C.[Tomcat].[localhost].[/].log - Initializing Spring embedded WebApplicationContext
07-06-2022 08:46:23.540 [main] INFO  o.s.web.context.ContextLoader.prepareWebApplicationContext - Root WebApplicationContext: initialization completed in 965 ms
07-06-2022 08:46:23.655 [main] INFO  com.zaxxer.hikari.HikariDataSource.getConnection - HikariPool-1 - Starting...
07-06-2022 08:46:23.711 [main] INFO  com.zaxxer.hikari.HikariDataSource.getConnection - HikariPool-1 - Start completed.
07-06-2022 08:46:23.747 [main] INFO  o.h.jpa.internal.util.LogHelper.logPersistenceUnitInformation - HHH000204: Processing PersistenceUnitInfo [
	name: default
	...]
07-06-2022 08:46:23.798 [main] INFO  org.hibernate.Version.logVersion - HHH000412: Hibernate Core {5.3.10.Final}
07-06-2022 08:46:23.800 [main] INFO  org.hibernate.cfg.Environment.<clinit> - HHH000206: hibernate.properties not found
07-06-2022 08:46:23.916 [main] INFO  o.h.annotations.common.Version.<clinit> - HCANN000001: Hibernate Commons Annotations {5.0.4.Final}
07-06-2022 08:46:24.009 [main] INFO  org.hibernate.dialect.Dialect.<init> - HHH000400: Using dialect: org.hibernate.dialect.H2Dialect
07-06-2022 08:46:24.579 [main] INFO  o.s.o.j.LocalContainerEntityManagerFactoryBean.buildNativeEntityManagerFactory - Initialized JPA EntityManagerFactory for persistence unit 'default'
07-06-2022 08:46:24.978 [main] WARN  o.s.b.a.o.j.JpaBaseConfiguration$JpaWebConfiguration$JpaWebMvcConfiguration.openEntityManagerInViewInterceptor - spring.jpa.open-in-view is enabled by default. Therefore, database queries may be performed during view rendering. Explicitly configure spring.jpa.open-in-view to disable this warning
07-06-2022 08:46:25.020 [main] INFO  o.s.s.web.DefaultSecurityFilterChain.<init> - Creating filter chain: any request, [org.springframework.security.web.context.request.async.WebAsyncManagerIntegrationFilter@12f3fcd, org.springframework.security.web.context.SecurityContextPersistenceFilter@186d6033, org.springframework.security.web.header.HeaderWriterFilter@2e02cc37, org.springframework.web.filter.CorsFilter@6dc2e473, org.springframework.security.web.authentication.logout.LogoutFilter@1479ed5a, com.example.demo.security.JWTAuthenticationFilter@12ebfb2d, com.example.demo.security.JWTAuthenticationVerficationFilter@1abf951a, org.springframework.security.web.savedrequest.RequestCacheAwareFilter@69419d59, org.springframework.security.web.servletapi.SecurityContextHolderAwareRequestFilter@744fb110, org.springframework.security.web.authentication.AnonymousAuthenticationFilter@629600d7, org.springframework.security.web.session.SessionManagementFilter@652a1a17, org.springframework.security.web.access.ExceptionTranslationFilter@7f5e9949, org.springframework.security.web.access.intercept.FilterSecurityInterceptor@36ab69d9]
07-06-2022 08:46:25.097 [main] INFO  o.s.s.c.ThreadPoolTaskExecutor.initialize - Initializing ExecutorService 'applicationTaskExecutor'
07-06-2022 08:46:25.191 [main] INFO  o.s.b.w.e.tomcat.TomcatWebServer.start - Tomcat started on port(s): 8080 (http) with context path ''
07-06-2022 08:46:25.193 [main] INFO  com.example.demo.SareetaApplication.logStarted - Started SareetaApplication in 2.85 seconds (JVM running for 3.425)
07-06-2022 08:46:57.833 [http-nio-8080-exec-3] INFO  o.a.c.c.C.[Tomcat].[localhost].[/].log - Initializing Spring DispatcherServlet 'dispatcherServlet'
07-06-2022 08:46:57.834 [http-nio-8080-exec-3] INFO  o.s.web.servlet.DispatcherServlet.initServletBean - Initializing Servlet 'dispatcherServlet'
07-06-2022 08:46:57.848 [http-nio-8080-exec-3] INFO  o.s.web.servlet.DispatcherServlet.initServletBean - Completed initialization in 14 ms
07-06-2022 08:46:58.141 [http-nio-8080-exec-3] INFO  o.h.h.i.QueryTranslatorFactoryInitiator.initiateService - HHH000397: Using ASTQueryTranslatorFactory
07-06-2022 08:46:58.552 [http-nio-8080-exec-3] INFO  c.e.demo.controllers.UserController.createUser - [INFO] Create user with username is user4 successfully.
07-06-2022 08:47:12.391 [http-nio-8080-exec-2] ERROR c.e.demo.controllers.UserController.createUser - [ERROR] Username user4 is already exists!
07-06-2022 08:47:18.350 [http-nio-8080-exec-5] ERROR c.e.demo.controllers.UserController.createUser - [ERROR] Username user4 is already exists!
07-06-2022 08:47:58.494 [http-nio-8080-exec-9] WARN  c.e.demo.controllers.OrderController.submit - [INFO] Submit order successfully.
07-06-2022 08:48:05.012 [http-nio-8080-exec-10] ERROR c.e.demo.controllers.OrderController.submit - [ERROR] User does not exist!
